[31m[1m2025-05-13 23:01:05 error Error logging in user: Illegal arguments: string, undefined[22m[39m
[31m[1mStack trace: Error: Illegal arguments: string, undefined[22m[39m
[31m[1m    at _async (C:\Users\ZINOX\Desktop\BeRoStock API\node_modules\bcryptjs\umd\index.js:305:15)[22m[39m
[31m[1m    at C:\Users\ZINOX\Desktop\BeRoStock API\node_modules\bcryptjs\umd\index.js:335:11[22m[39m
[31m[1m    at new Promise (<anonymous>)[22m[39m
[31m[1m    at Object.compare (C:\Users\ZINOX\Desktop\BeRoStock API\node_modules\bcryptjs\umd\index.js:334:16)[22m[39m
[31m[1m    at exports.doHashValidation (C:\Users\ZINOX\Desktop\BeRoStock API\src\utils\authUtils.js:64:27)[22m[39m
[31m[1m    at login (C:\Users\ZINOX\Desktop\BeRoStock API\src\controllers\authController.js:76:39)[22m[39m
[31m[1m    at process.processTicksAndRejections (node:internal/process/task_queues:95:5)[22m[39m
[31m[1m2025-05-13 23:13:04 error Error logging in user: Illegal arguments: string, undefined[22m[39m
[31m[1mStack trace: Error: Illegal arguments: string, undefined[22m[39m
[31m[1m    at _async (C:\Users\ZINOX\Desktop\BeRoStock API\node_modules\bcryptjs\umd\index.js:305:15)[22m[39m
[31m[1m    at C:\Users\ZINOX\Desktop\BeRoStock API\node_modules\bcryptjs\umd\index.js:335:11[22m[39m
[31m[1m    at new Promise (<anonymous>)[22m[39m
[31m[1m    at Object.compare (C:\Users\ZINOX\Desktop\BeRoStock API\node_modules\bcryptjs\umd\index.js:334:16)[22m[39m
[31m[1m    at exports.doHashValidation (C:\Users\ZINOX\Desktop\BeRoStock API\src\utils\authUtils.js:64:27)[22m[39m
[31m[1m    at login (C:\Users\ZINOX\Desktop\BeRoStock API\src\controllers\authController.js:76:39)[22m[39m
[31m[1m    at process.processTicksAndRejections (node:internal/process/task_queues:95:5)[22m[39m
[31m[1m2025-05-13 23:14:03 error Error logging in user: Illegal arguments: string, undefined[22m[39m
[31m[1mStack trace: Error: Illegal arguments: string, undefined[22m[39m
[31m[1m    at _async (C:\Users\ZINOX\Desktop\BeRoStock API\node_modules\bcryptjs\umd\index.js:305:15)[22m[39m
[31m[1m    at C:\Users\ZINOX\Desktop\BeRoStock API\node_modules\bcryptjs\umd\index.js:335:11[22m[39m
[31m[1m    at new Promise (<anonymous>)[22m[39m
[31m[1m    at Object.compare (C:\Users\ZINOX\Desktop\BeRoStock API\node_modules\bcryptjs\umd\index.js:334:16)[22m[39m
[31m[1m    at exports.doHashValidation (C:\Users\ZINOX\Desktop\BeRoStock API\src\utils\authUtils.js:64:27)[22m[39m
[31m[1m    at login (C:\Users\ZINOX\Desktop\BeRoStock API\src\controllers\authController.js:76:39)[22m[39m
[31m[1m    at process.processTicksAndRejections (node:internal/process/task_queues:95:5)[22m[39m
[31m[1m2025-05-13 23:18:50 error Error logging in user: payload is required[22m[39m
[31m[1mStack trace: Error: payload is required[22m[39m
[31m[1m    at module.exports [as sign] (C:\Users\ZINOX\Desktop\BeRoStock API\node_modules\jsonwebtoken\sign.js:141:20)[22m[39m
[31m[1m    at exports.generateAccessToken (C:\Users\ZINOX\Desktop\BeRoStock API\src\utils\authUtils.js:29:16)[22m[39m
[31m[1m    at login (C:\Users\ZINOX\Desktop\BeRoStock API\src\controllers\authController.js:82:29)[22m[39m
[31m[1m2025-05-13 23:20:18 error Error logging in user: payload is required[22m[39m
[31m[1mStack trace: Error: payload is required[22m[39m
[31m[1m    at module.exports [as sign] (C:\Users\ZINOX\Desktop\BeRoStock API\node_modules\jsonwebtoken\sign.js:141:20)[22m[39m
[31m[1m    at exports.generateAccessToken (C:\Users\ZINOX\Desktop\BeRoStock API\src\utils\authUtils.js:29:16)[22m[39m
[31m[1m    at login (C:\Users\ZINOX\Desktop\BeRoStock API\src\controllers\authController.js:82:29)[22m[39m
[31m[1m2025-05-13 23:24:45 error Error logging in user: Expected "payload" to be a plain object.[22m[39m
[31m[1mStack trace: Error: Expected "payload" to be a plain object.[22m[39m
[31m[1m    at validate (C:\Users\ZINOX\Desktop\BeRoStock API\node_modules\jsonwebtoken\sign.js:44:11)[22m[39m
[31m[1m    at validatePayload (C:\Users\ZINOX\Desktop\BeRoStock API\node_modules\jsonwebtoken\sign.js:66:10)[22m[39m
[31m[1m    at module.exports [as sign] (C:\Users\ZINOX\Desktop\BeRoStock API\node_modules\jsonwebtoken\sign.js:144:7)[22m[39m
[31m[1m    at exports.generateAccessToken (C:\Users\ZINOX\Desktop\BeRoStock API\src\utils\authUtils.js:29:16)[22m[39m
[31m[1m    at login (C:\Users\ZINOX\Desktop\BeRoStock API\src\controllers\authController.js:82:29)[22m[39m
[31m[1m2025-05-13 23:31:16 error Error logging in user: Expected "payload" to be a plain object.[22m[39m
[31m[1mStack trace: Error: Expected "payload" to be a plain object.[22m[39m
[31m[1m    at validate (C:\Users\ZINOX\Desktop\BeRoStock API\node_modules\jsonwebtoken\sign.js:44:11)[22m[39m
[31m[1m    at validatePayload (C:\Users\ZINOX\Desktop\BeRoStock API\node_modules\jsonwebtoken\sign.js:66:10)[22m[39m
[31m[1m    at module.exports [as sign] (C:\Users\ZINOX\Desktop\BeRoStock API\node_modules\jsonwebtoken\sign.js:144:7)[22m[39m
[31m[1m    at exports.generateAccessToken (C:\Users\ZINOX\Desktop\BeRoStock API\src\utils\authUtils.js:29:16)[22m[39m
[31m[1m    at login (C:\Users\ZINOX\Desktop\BeRoStock API\src\controllers\authController.js:82:29)[22m[39m
[31m[1m2025-05-15 00:09:02 error Signup error: sendVerificationEmail is not a function[22m[39m
[31m[1m2025-05-15 00:35:50 error Error sending verification email: sendVerificationEmail is not a function[22m[39m
[31m[1m2025-05-15 01:55:42 error Error sending verification email: sendVerificationEmail is not a function[22m[39m
[31m[1m2025-05-15 02:04:28 error Error sending verification email: sendVerificationEmail is not a function[22m[39m
[31m[1m2025-05-15 02:08:39 error Error sending verification email: sendVerificationEmail is not a function[22m[39m
[31m[1m2025-05-15 13:51:15 error Login error: Illegal arguments: string, undefined[22m[39m
[31m[1m2025-05-15 14:00:57 error Login error: Illegal arguments: string, undefined[22m[39m
[31m[1m2025-05-15 14:11:21 error Login error: Expected "payload" to be a plain object.[22m[39m
[31m[1m2025-05-21 22:55:05 error Login error: doHashValidation is not a function[22m[39m
[31m[1m2025-05-22 12:46:16 error Error in forgotPassword: AUTH_URL is not defined[22m[39m
[31m[1mReferenceError: AUTH_URL is not defined[22m[39m
[31m[1m    at exports.forgotPassword (C:\Users\ZINOX\Desktop\BeRoStock API\src\controllers\authControllers\forgotPassword.js:28:23)[22m[39m
[31m[1m    at process.processTicksAndRejections (node:internal/process/task_queues:95:5)[22m[39m
[31m[1m2025-05-23 16:48:03 error Verification error: The "data" argument must be of type string or an instance of Buffer, TypedArray, or DataView. Received type number (905940)[22m[39m
[31m[1m2025-05-23 17:57:59 error Forgot password error: generateResetToken is not a function[22m[39m
[31m[1m2025-05-23 18:11:02 error Forgot password error: hmacProcess is not a function[22m[39m
[31m[1m2025-05-23 18:18:59 error Forgot password error: Cannot read properties of undefined (reading 'createHmac')[22m[39m
[31m[1m2025-05-25 21:21:55 error ERROR: Product validation failed: product_id: Path `product_id` is required., supplier: `Fouani Nig. Ltd` is not a valid enum value for path `supplier`.[22m[39m
[31m[1m2025-06-25 04:10:33 error Login error: read ECONNRESET[22m[39m
[31m[1m2025-06-25 13:15:18 error ERROR: Product validation failed: supplier: `Fouani Nig. Ltd` is not a valid enum value for path `supplier`.[22m[39m
